0 info it worked if it ends with ok
1 verbose cli [ '/usr/local/bin/node', '/usr/local/bin/npm', 'install' ]
2 info using npm@3.10.10
3 info using node@v6.11.2
4 silly loadCurrentTree Starting
5 silly install loadCurrentTree
6 silly install readLocalPackageData
7 silly install normalizeTree
8 silly loadCurrentTree Finishing
9 silly loadIdealTree Starting
10 silly install loadIdealTree
11 silly cloneCurrentTree Starting
12 silly install cloneCurrentTreeToIdealTree
13 silly cloneCurrentTree Finishing
14 silly loadShrinkwrap Starting
15 silly install loadShrinkwrap
16 silly loadShrinkwrap Finishing
17 silly loadAllDepsIntoIdealTree Starting
18 silly install loadAllDepsIntoIdealTree
19 silly fetchOtherPackageData redux-baqend@git+https://github.com/Baqend/redux-baqend/tree/realtime
20 silly cache add args [ 'redux-baqend@git+https://github.com/Baqend/redux-baqend/tree/realtime',
20 silly cache add   null ]
21 verbose cache add spec redux-baqend@git+https://github.com/Baqend/redux-baqend/tree/realtime
22 silly cache add parsed spec Result {
22 silly cache add   raw: 'redux-baqend@git+https://github.com/Baqend/redux-baqend/tree/realtime',
22 silly cache add   scope: null,
22 silly cache add   escapedName: 'redux-baqend',
22 silly cache add   name: 'redux-baqend',
22 silly cache add   rawSpec: 'git+https://github.com/Baqend/redux-baqend/tree/realtime',
22 silly cache add   spec: 'https://github.com/Baqend/redux-baqend/tree/realtime',
22 silly cache add   type: 'git' }
23 verbose addRemoteGit caching git+https://github.com/Baqend/redux-baqend/tree/realtime
24 silly tryClone cloning git+https://github.com/Baqend/redux-baqend/tree/realtime via git+https://github.com/Baqend/redux-baqend/tree/realtime
25 verbose tryClone git-https-github-com-Baqend-redux-baqend-tree-realtime-706b1a96 not in flight; caching
26 verbose correctMkdir /Users/finn/.npm/_git-remotes correctMkdir not in flight; initializing
27 info git [ 'clone',
27 info git   '--template=/Users/finn/.npm/_git-remotes/_templates',
27 info git   '--mirror',
27 info git   'https://github.com/Baqend/redux-baqend/tree/realtime',
27 info git   '/Users/finn/.npm/_git-remotes/git-https-github-com-Baqend-redux-baqend-tree-realtime-706b1a96' ]
28 error git clone --template=/Users/finn/.npm/_git-remotes/_templates --mirror https://github.com/Baqend/redux-baqend/tree/realtime /Users/finn/.npm/_git-remotes/git-https-github-com-Baqend-redux-baqend-tree-realtime-706b1a96: Cloning into bare repository '/Users/finn/.npm/_git-remotes/git-https-github-com-Baqend-redux-baqend-tree-realtime-706b1a96'...
28 error git clone --template=/Users/finn/.npm/_git-remotes/_templates --mirror https://github.com/Baqend/redux-baqend/tree/realtime /Users/finn/.npm/_git-remotes/git-https-github-com-Baqend-redux-baqend-tree-realtime-706b1a96: remote: Not Found
28 error git clone --template=/Users/finn/.npm/_git-remotes/_templates --mirror https://github.com/Baqend/redux-baqend/tree/realtime /Users/finn/.npm/_git-remotes/git-https-github-com-Baqend-redux-baqend-tree-realtime-706b1a96: fatal: repository 'https://github.com/Baqend/redux-baqend/tree/realtime/' not found
29 silly fetchPackageMetaData Error: Command failed: git clone --template=/Users/finn/.npm/_git-remotes/_templates --mirror https://github.com/Baqend/redux-baqend/tree/realtime /Users/finn/.npm/_git-remotes/git-https-github-com-Baqend-redux-baqend-tree-realtime-706b1a96
29 silly fetchPackageMetaData Cloning into bare repository '/Users/finn/.npm/_git-remotes/git-https-github-com-Baqend-redux-baqend-tree-realtime-706b1a96'...
29 silly fetchPackageMetaData remote: Not Found
29 silly fetchPackageMetaData fatal: repository 'https://github.com/Baqend/redux-baqend/tree/realtime/' not found
29 silly fetchPackageMetaData
29 silly fetchPackageMetaData     at ChildProcess.exithandler (child_process.js:198:12)
29 silly fetchPackageMetaData     at emitTwo (events.js:106:13)
29 silly fetchPackageMetaData     at ChildProcess.emit (events.js:191:7)
29 silly fetchPackageMetaData     at maybeClose (internal/child_process.js:891:16)
29 silly fetchPackageMetaData     at Socket.<anonymous> (internal/child_process.js:342:11)
29 silly fetchPackageMetaData     at emitOne (events.js:96:13)
29 silly fetchPackageMetaData     at Socket.emit (events.js:188:7)
29 silly fetchPackageMetaData     at Pipe._handle.close [as _onclose] (net.js:497:12)
29 silly fetchPackageMetaData  error for redux-baqend@git+https://github.com/Baqend/redux-baqend/tree/realtime { Error: Command failed: git clone --template=/Users/finn/.npm/_git-remotes/_templates --mirror https://github.com/Baqend/redux-baqend/tree/realtime /Users/finn/.npm/_git-remotes/git-https-github-com-Baqend-redux-baqend-tree-realtime-706b1a96
29 silly fetchPackageMetaData Cloning into bare repository '/Users/finn/.npm/_git-remotes/git-https-github-com-Baqend-redux-baqend-tree-realtime-706b1a96'...
29 silly fetchPackageMetaData remote: Not Found
29 silly fetchPackageMetaData fatal: repository 'https://github.com/Baqend/redux-baqend/tree/realtime/' not found
29 silly fetchPackageMetaData
29 silly fetchPackageMetaData     at ChildProcess.exithandler (child_process.js:198:12)
29 silly fetchPackageMetaData     at emitTwo (events.js:106:13)
29 silly fetchPackageMetaData     at ChildProcess.emit (events.js:191:7)
29 silly fetchPackageMetaData     at maybeClose (internal/child_process.js:891:16)
29 silly fetchPackageMetaData     at Socket.<anonymous> (internal/child_process.js:342:11)
29 silly fetchPackageMetaData     at emitOne (events.js:96:13)
29 silly fetchPackageMetaData     at Socket.emit (events.js:188:7)
29 silly fetchPackageMetaData     at Pipe._handle.close [as _onclose] (net.js:497:12)
29 silly fetchPackageMetaData   killed: false,
29 silly fetchPackageMetaData   code: 128,
29 silly fetchPackageMetaData   signal: null,
29 silly fetchPackageMetaData   cmd: 'git clone --template=/Users/finn/.npm/_git-remotes/_templates --mirror https://github.com/Baqend/redux-baqend/tree/realtime /Users/finn/.npm/_git-remotes/git-https-github-com-Baqend-redux-baqend-tree-realtime-706b1a96' }
30 silly rollbackFailedOptional Starting
31 silly rollbackFailedOptional Finishing
32 silly runTopLevelLifecycles Finishing
33 silly install printInstalled
34 verbose stack Error: Command failed: git clone --template=/Users/finn/.npm/_git-remotes/_templates --mirror https://github.com/Baqend/redux-baqend/tree/realtime /Users/finn/.npm/_git-remotes/git-https-github-com-Baqend-redux-baqend-tree-realtime-706b1a96
34 verbose stack Cloning into bare repository '/Users/finn/.npm/_git-remotes/git-https-github-com-Baqend-redux-baqend-tree-realtime-706b1a96'...
34 verbose stack remote: Not Found
34 verbose stack fatal: repository 'https://github.com/Baqend/redux-baqend/tree/realtime/' not found
34 verbose stack
34 verbose stack     at ChildProcess.exithandler (child_process.js:198:12)
34 verbose stack     at emitTwo (events.js:106:13)
34 verbose stack     at ChildProcess.emit (events.js:191:7)
34 verbose stack     at maybeClose (internal/child_process.js:891:16)
34 verbose stack     at Socket.<anonymous> (internal/child_process.js:342:11)
34 verbose stack     at emitOne (events.js:96:13)
34 verbose stack     at Socket.emit (events.js:188:7)
34 verbose stack     at Pipe._handle.close [as _onclose] (net.js:497:12)
35 verbose cwd /Users/finn/Documents/DBPraktikum17-Repo1
36 error Darwin 16.6.0
37 error argv "/usr/local/bin/node" "/usr/local/bin/npm" "install"
38 error node v6.11.2
39 error npm  v3.10.10
40 error code 128
41 error Command failed: git clone --template=/Users/finn/.npm/_git-remotes/_templates --mirror https://github.com/Baqend/redux-baqend/tree/realtime /Users/finn/.npm/_git-remotes/git-https-github-com-Baqend-redux-baqend-tree-realtime-706b1a96
41 error Cloning into bare repository '/Users/finn/.npm/_git-remotes/git-https-github-com-Baqend-redux-baqend-tree-realtime-706b1a96'...
41 error remote: Not Found
41 error fatal: repository 'https://github.com/Baqend/redux-baqend/tree/realtime/' not found
42 error If you need help, you may report this error at:
42 error     <https://github.com/npm/npm/issues>
43 verbose exit [ 1, true ]
